ALUNOS      TURNO
----------- -----------
95          1
82          2
39          3

(3 linha(s) afetadas)

ALUNOS      TURNO       NomeTurno
----------- ----------- ---------------------------------------------
95          1           Manha
82          2           Tarde
39          3           Noite

(3 linha(s) afetadas)

ALUNOS      TURNO       Cod_Empresa
----------- ----------- -----------
95          1           3
82          2           3
39          3           3

(3 linha(s) afetadas)

ALUNOS      DIA
----------- -----------
4           3
4           4
4           5
4           6
4           7
4           8
4           9
4           10
4           11
4           12
4           13
4           14
4           15
4           16
4           17
4           18
4           19
4           20
4           21
4           22
4           23
4           24
4           25
4           26
4           27
4           28
4           29
4           30
4           31
4           32
4           33
4           35
4           36
4           37
4           38
4           39
4           40
4           41
4           42
4           43
4           44
4           45
4           46
4           47
4           48
4           49
4           50
4           51
4           52
4           53
4           54

(51 linha(s) afetadas)

ALUNOS      Dia
----------- ------
8           1
8           2
8           3
8           4
8           5
8           6
8           7
8           8
8           9
8           10
8           11
8           12
8           13
8           14
8           15
8           16
8           17
8           18
8           19
8           20
4           21
4           22
4           23
4           24
4           25
4           26
4           27
4           28
4           29
4           30
4           31

(31 linha(s) afetadas)

            Cod_FaixaEtaria FaixaEtaria
----------- --------------- -----------
20          1               Jovem
132         2               Adulto
64          3               Idoso

(3 linha(s) afetadas)

QUANTIDADE  Cod_Localizacao Bairro
----------- --------------- ---------------------------------------------
12          4               Luzia
60          5               Jardim Centenário
44          6               Rotary Club
60          7               Serrano
40          8               Campo Grande

(5 linha(s) afetadas)

QUANTIDADE  Cidade
----------- ---------------------------------------------
72          Aracaju
144         Itabaiana

(2 linha(s) afetadas)

QUANTIDADE  Cod_FaixaEtaria Cod_Turno
----------- --------------- -----------
8           1               1
54          2               1
33          3               1
7           1               2
57          2               2
18          3               2
5           1               3
21          2               3
13          3               3

(9 linha(s) afetadas)

QUANTIDADE  Hora
----------- -----------
7           5
14          6
19          7
16          8
17          9
5           10
17          11
18          12
14          13
8           14
11          15
17          16
14          17
10          18
13          19
10          20
6           21

(17 linha(s) afetadas)

QUANTIDADE  Hora
----------- -----------
19          7
18          12
17          9
17          11
17          16
16          8
14          6
14          13
14          17
13          19
11          15
10          18
10          20
8           14
7           5
6           21
5           10

(17 linha(s) afetadas)

Cod_Empresa QUANTIDADE
----------- -----------
3           39

(1 linha(s) afetadas)

